<?xml version="1.0" encoding="UTF-8"?>
<testsuite xmlns:xsi="http://www.w3.org/2001/XMLSchema-instance" xsi:noNamespaceSchemaLocation="https://maven.apache.org/surefire/maven-surefire-plugin/xsd/surefire-test-report.xsd" name="org.example.AppTest" time="0.539" tests="4" errors="0" skipped="0" failures="1">
  <properties>
[...]
</properties>
  <testcase name="testIsFoodEnough" classname="org.example.AppTest" time="0.124"/>
  <testcase name="testRandomPartisansElimination" classname="org.example.AppTest" time="0.113">
    <failure message="expected:&lt;[2]0 partisans have bee...&gt; but was:&lt;[9]0 partisans have bee...&gt;" type="org.junit.ComparisonFailure"><![CDATA[org.junit.ComparisonFailure: expected:<[2]0 partisans have bee...> but was:<[9]0 partisans have bee...>
	at org.example.AppTest.testRandomPartisansElimination(AppTest.java:38)
]]></failure>
  </testcase>
  <testcase name="testCalculateNumberOfPartisans" classname="org.example.AppTest" time="0"/>
  <testcase name="setUp" classname="org.example.AppTest" time="0"/>
</testsuite>